2025-07-03 15:02:16,521 [DEBUG] jala_app.views - Entered employee_create view
2025-07-03 15:02:16,521 [DEBUG] jala_app.views - Request method is GET
2025-07-03 15:02:30,688 [DEBUG] jala_app.views - Entered employee_create view
2025-07-03 15:02:30,688 [DEBUG] jala_app.views - Request method is POST
2025-07-03 15:02:30,691 [WARNING] jala_app.views - Form errors: <ul class="errorlist"><li>mobile_number<ul class="errorlist" id="id_mobile_number_error"><li>The phone number entered is not valid.</li></ul></li></ul>
2025-07-03 15:03:05,059 [DEBUG] jala_app.views - Entered employee_create view
2025-07-03 15:03:05,059 [DEBUG] jala_app.views - Request method is POST
2025-07-03 15:03:05,102 [DEBUG] jala_app.views - EmployeeForm is valid
2025-07-03 15:03:05,102 [INFO] jala_app.views - Employee created: Bharath testing g A
2025-07-03 15:03:05,121 [INFO] jala_app.views - Search returned 16 employees.
2025-07-03 15:03:17,367 [INFO] jala_app.views - Search returned 16 employees.
2025-07-03 15:03:22,785 [DEBUG] jala_app.views - Filtered employees by name: testing
2025-07-03 15:03:22,785 [INFO] jala_app.views - Search returned 14 employees.
2025-07-03 15:03:24,969 [DEBUG] jala_app.views - Filtered employees by name: testing
2025-07-03 15:03:24,969 [INFO] jala_app.views - Search returned 14 employees.
2025-07-03 15:03:27,482 [DEBUG] jala_app.views - Filtered employees by name: testing
2025-07-03 15:03:27,482 [INFO] jala_app.views - Search returned 14 employees.
2025-07-03 15:03:32,828 [DEBUG] jala_app.views - Filtered employees by name: testing
2025-07-03 15:03:32,829 [INFO] jala_app.views - Search returned 14 employees.
2025-07-03 15:03:39,426 [DEBUG] jala_app.views - Filtered employees by name: final
2025-07-03 15:03:39,426 [INFO] jala_app.views - Search returned 2 employees.
2025-07-03 15:03:48,753 [DEBUG] jala_app.views - Filtered employees by name: aji
2025-07-03 15:03:48,754 [INFO] jala_app.views - Search returned 0 employees.
2025-07-03 15:07:20,217 [DEBUG] jala_app.views - Filtered employees by name: aji
2025-07-03 15:07:20,217 [INFO] jala_app.views - Search returned 0 employees.
2025-07-03 15:07:26,076 [INFO] jala_app.views - Search returned 16 employees.
2025-07-03 15:08:54,514 [INFO] jala_app.views - Search returned 16 employees.
2025-07-03 15:16:18,335 [INFO] jala_app.views - Search returned 16 employees.
2025-07-03 15:16:20,003 [DEBUG] jala_app.views - Entered employee_create view
2025-07-03 15:16:20,003 [DEBUG] jala_app.views - Request method is GET
2025-07-03 15:16:20,223 [ERROR] django.request - Internal Server Error: /employee/create/
Traceback (most recent call last):
  File "c:\Users\91637\Desktop\JALA\venv\Lib\site-packages\django\core\handlers\exception.py", line 55, in inner
    response = get_response(request)
               ^^^^^^^^^^^^^^^^^^^^^
  File "c:\Users\91637\Desktop\JALA\venv\Lib\site-packages\django\core\handlers\base.py", line 197, in _get_response
    response = wrapped_callback(request, *callback_args, **callback_kwargs)
               ^^^^^^^^^^^^^^^^^^^^^^^^^^^^^^^^^^^^^^^^^^^^^^^^^^^^^^^^^^^^
  File "c:\Users\91637\Desktop\JALA\venv\Lib\site-packages\django\contrib\auth\decorators.py", line 59, in _view_wrapper
    return view_func(request, *args, **kwargs)
           ^^^^^^^^^^^^^^^^^^^^^^^^^^^^^^^^^^^
  File "C:\Users\91637\Desktop\JALA\jala_project\jala_app\views.py", line 61, in employee_create
    return render(request, 'employee_form.html', {'form': form, 'form_mode': 'create'})
           ^^^^^^^^^^^^^^^^^^^^^^^^^^^^^^^^^^^^^^^^^^^^^^^^^^^^^^^^^^^^^^^^^^^^^^^^^^^^
  File "c:\Users\91637\Desktop\JALA\venv\Lib\site-packages\django\shortcuts.py", line 25, in render
    content = loader.render_to_string(template_name, context, request, using=using)
              ^^^^^^^^^^^^^^^^^^^^^^^^^^^^^^^^^^^^^^^^^^^^^^^^^^^^^^^^^^^^^^^^^^^^^
  File "c:\Users\91637\Desktop\JALA\venv\Lib\site-packages\django\template\loader.py", line 61, in render_to_string
    template = get_template(template_name, using=using)
               ^^^^^^^^^^^^^^^^^^^^^^^^^^^^^^^^^^^^^^^^
  File "c:\Users\91637\Desktop\JALA\venv\Lib\site-packages\django\template\loader.py", line 15, in get_template
    return engine.get_template(template_name)
           ^^^^^^^^^^^^^^^^^^^^^^^^^^^^^^^^^^
  File "c:\Users\91637\Desktop\JALA\venv\Lib\site-packages\django\template\backends\django.py", line 79, in get_template
    return Template(self.engine.get_template(template_name), self)
                    ^^^^^^^^^^^^^^^^^^^^^^^^^^^^^^^^^^^^^^^
  File "c:\Users\91637\Desktop\JALA\venv\Lib\site-packages\django\template\engine.py", line 177, in get_template
    template, origin = self.find_template(template_name)
                       ^^^^^^^^^^^^^^^^^^^^^^^^^^^^^^^^^
  File "c:\Users\91637\Desktop\JALA\venv\Lib\site-packages\django\template\engine.py", line 159, in find_template
    template = loader.get_template(name, skip=skip)
               ^^^^^^^^^^^^^^^^^^^^^^^^^^^^^^^^^^^^
  File "c:\Users\91637\Desktop\JALA\venv\Lib\site-packages\django\template\loaders\cached.py", line 57, in get_template
    template = super().get_template(template_name, skip)
               ^^^^^^^^^^^^^^^^^^^^^^^^^^^^^^^^^^^^^^^^^
  File "c:\Users\91637\Desktop\JALA\venv\Lib\site-packages\django\template\loaders\base.py", line 28, in get_template
    return Template(
           ^^^^^^^^^
  File "c:\Users\91637\Desktop\JALA\venv\Lib\site-packages\django\template\base.py", line 154, in __init__
    self.nodelist = self.compile_nodelist()
                    ^^^^^^^^^^^^^^^^^^^^^^^
  File "c:\Users\91637\Desktop\JALA\venv\Lib\site-packages\django\template\base.py", line 196, in compile_nodelist
    nodelist = parser.parse()
               ^^^^^^^^^^^^^^
  File "c:\Users\91637\Desktop\JALA\venv\Lib\site-packages\django\template\base.py", line 518, in parse
    raise self.error(token, e)
  File "c:\Users\91637\Desktop\JALA\venv\Lib\site-packages\django\template\base.py", line 516, in parse
    compiled_result = compile_func(self, token)
                      ^^^^^^^^^^^^^^^^^^^^^^^^^
  File "c:\Users\91637\Desktop\JALA\venv\Lib\site-packages\django\template\loader_tags.py", line 299, in do_extends
    nodelist = parser.parse()
               ^^^^^^^^^^^^^^
  File "c:\Users\91637\Desktop\JALA\venv\Lib\site-packages\django\template\base.py", line 518, in parse
    raise self.error(token, e)
  File "c:\Users\91637\Desktop\JALA\venv\Lib\site-packages\django\template\base.py", line 516, in parse
    compiled_result = compile_func(self, token)
                      ^^^^^^^^^^^^^^^^^^^^^^^^^
  File "c:\Users\91637\Desktop\JALA\venv\Lib\site-packages\django\template\loader_tags.py", line 234, in do_block
    nodelist = parser.parse(("endblock",))
               ^^^^^^^^^^^^^^^^^^^^^^^^^^^
  File "c:\Users\91637\Desktop\JALA\venv\Lib\site-packages\django\template\base.py", line 518, in parse
    raise self.error(token, e)
  File "c:\Users\91637\Desktop\JALA\venv\Lib\site-packages\django\template\base.py", line 516, in parse
    compiled_result = compile_func(self, token)
                      ^^^^^^^^^^^^^^^^^^^^^^^^^
  File "c:\Users\91637\Desktop\JALA\venv\Lib\site-packages\django\template\defaulttags.py", line 861, in do_for
    sequence = parser.compile_filter(bits[in_index + 1])
               ^^^^^^^^^^^^^^^^^^^^^^^^^^^^^^^^^^^^^^^^^
  File "c:\Users\91637\Desktop\JALA\venv\Lib\site-packages\django\template\base.py", line 609, in compile_filter
    return FilterExpression(token, self)
           ^^^^^^^^^^^^^^^^^^^^^^^^^^^^^
  File "c:\Users\91637\Desktop\JALA\venv\Lib\site-packages\django\template\base.py", line 710, in __init__
    raise TemplateSyntaxError(
django.template.exceptions.TemplateSyntaxError: Could not parse the remainder: '.split(',')' from '"Bangladesh,Canada,China,France,India,Japan,Nepal,Sri Lanka,UK,USA".split(',')'
2025-07-03 15:16:20,238 [ERROR] django.server - "GET /employee/create/ HTTP/1.1" 500 234694
2025-07-03 15:19:06,497 [DEBUG] jala_app.views - Entered employee_create view
2025-07-03 15:19:06,498 [DEBUG] jala_app.views - Request method is GET
2025-07-03 15:19:15,248 [DEBUG] jala_app.views - Entered employee_create view
2025-07-03 15:19:15,248 [DEBUG] jala_app.views - Request method is GET
2025-07-03 15:19:49,301 [DEBUG] jala_app.views - Entered employee_create view
2025-07-03 15:19:49,301 [DEBUG] jala_app.views - Request method is POST
2025-07-03 15:19:49,383 [DEBUG] jala_app.views - EmployeeForm is valid
2025-07-03 15:19:49,387 [INFO] jala_app.views - Employee created: shamas A
2025-07-03 15:19:49,400 [INFO] jala_app.views - Search returned 17 employees.
2025-07-03 15:19:57,561 [DEBUG] jala_app.views - Filtered employees by name: shamas
2025-07-03 15:19:57,561 [INFO] jala_app.views - Search returned 1 employees.
2025-07-03 15:23:55,444 [INFO] jala_app.views - Search returned 17 employees.
2025-07-03 17:42:23,284 [DEBUG] jala_app.views - Entered employee_create view
2025-07-03 17:42:23,285 [DEBUG] jala_app.views - Request method is GET
2025-07-03 17:54:01,008 [DEBUG] jala_app.views - Entered employee_create view
2025-07-03 17:54:01,008 [DEBUG] jala_app.views - Request method is GET
2025-07-03 17:54:03,277 [DEBUG] jala_app.views - Home page accessed.
2025-07-03 17:54:05,822 [DEBUG] jala_app.views - Entered employee_create view
2025-07-03 17:54:05,822 [DEBUG] jala_app.views - Request method is GET
2025-07-03 17:54:46,414 [DEBUG] jala_app.views - Entered employee_create view
2025-07-03 17:54:46,422 [DEBUG] jala_app.views - Request method is POST
2025-07-03 17:54:46,575 [DEBUG] jala_app.views - EmployeeForm is valid
2025-07-03 17:54:46,575 [INFO] jala_app.views - Employee created: test testing1 A
2025-07-03 17:54:46,607 [INFO] jala_app.views - Search returned 18 employees.
2025-07-03 17:54:56,631 [DEBUG] jala_app.views - Filtered employees by name: test testing
2025-07-03 17:54:56,636 [INFO] jala_app.views - Search returned 1 employees.
2025-07-03 17:55:10,754 [INFO] jala_app.views - Search returned 18 employees.
2025-07-03 17:55:16,094 [INFO] jala_app.views - Search returned 18 employees.
2025-07-03 17:55:21,009 [DEBUG] jala_app.views - Filtered employees by name: test
2025-07-03 17:55:21,017 [INFO] jala_app.views - Search returned 15 employees.
2025-07-03 17:55:28,089 [DEBUG] jala_app.views - Filtered employees by name: test testing
2025-07-03 17:55:28,097 [INFO] jala_app.views - Search returned 1 employees.
2025-07-03 17:55:53,466 [INFO] jala_app.views - Search returned 18 employees.
2025-07-03 17:56:01,871 [DEBUG] jala_app.views - Filtered employees by name: test testing
2025-07-03 17:56:01,875 [INFO] jala_app.views - Search returned 1 employees.
2025-07-03 17:59:50,198 [INFO] jala_app.views - Search returned 18 employees.
2025-07-03 17:59:59,109 [DEBUG] jala_app.views - Filtered employees by name: final
2025-07-03 17:59:59,113 [INFO] jala_app.views - Search returned 2 employees.
2025-07-03 18:00:10,840 [INFO] jala_app.views - Search returned 18 employees.
2025-07-03 18:00:16,039 [INFO] jala_app.views - Search returned 18 employees.
2025-07-03 18:00:57,107 [INFO] jala_app.views - Search returned 18 employees.
2025-07-03 18:01:10,223 [INFO] jala_app.views - Search returned 18 employees.
2025-07-03 18:15:59,953 [DEBUG] jala_app.views - Home page accessed.
2025-07-03 18:16:03,723 [INFO] jala_app.views - Search returned 18 employees.
2025-07-03 18:16:34,531 [DEBUG] jala_app.views - Home page accessed.
2025-07-03 18:17:36,612 [DEBUG] jala_app.views - Home page accessed.
2025-07-03 18:18:48,473 [DEBUG] jala_app.views - Home page accessed.
2025-07-03 18:18:53,561 [INFO] jala_app.views - Search returned 0 employees.
2025-07-03 18:18:57,378 [DEBUG] jala_app.views - Entered employee_create view
2025-07-03 18:18:57,378 [DEBUG] jala_app.views - Request method is GET
2025-07-03 18:19:43,486 [DEBUG] jala_app.views - Entered employee_create view
2025-07-03 18:19:43,486 [DEBUG] jala_app.views - Request method is POST
2025-07-03 18:19:43,599 [DEBUG] jala_app.views - EmployeeForm is valid
2025-07-03 18:19:43,607 [INFO] jala_app.views - Employee created: testing final
2025-07-03 18:19:43,620 [INFO] jala_app.views - Search returned 1 employees.
2025-07-03 18:20:05,932 [INFO] jala_app.views - Search returned 1 employees.
2025-07-03 18:20:42,335 [INFO] jala_app.views - Search returned 1 employees.
2025-07-03 18:20:47,381 [INFO] jala_app.views - Search returned 1 employees.
2025-07-03 18:29:26,350 [INFO] jala_app.views - Search returned 1 employees.
2025-07-03 18:29:27,713 [INFO] jala_app.views - Search returned 1 employees.
2025-07-03 18:33:25,718 [WARNING] django.request - Not Found: /favicon.ico
2025-07-03 18:33:25,718 [WARNING] django.server - "GET /favicon.ico HTTP/1.1" 404 7652
2025-07-03 18:33:27,943 [DEBUG] jala_app.views - Home page accessed.
2025-07-03 18:33:34,110 [DEBUG] jala_app.views - Entered employee_create view
2025-07-03 18:33:34,110 [DEBUG] jala_app.views - Request method is GET
2025-07-03 18:33:35,983 [INFO] jala_app.views - Search returned 1 employees.
2025-07-03 18:33:38,894 [INFO] jala_app.views - Search returned 1 employees.
2025-07-03 18:33:39,906 [INFO] jala_app.views - Search returned 1 employees.
2025-07-03 18:33:51,248 [INFO] jala_app.views - Search returned 1 employees.
2025-07-03 18:33:54,434 [DEBUG] jala_app.views - Entered employee_create view
2025-07-03 18:33:54,434 [DEBUG] jala_app.views - Request method is GET
2025-07-03 18:34:14,530 [DEBUG] jala_app.views - Entered employee_create view
2025-07-03 18:34:14,530 [DEBUG] jala_app.views - Request method is POST
2025-07-03 18:34:14,540 [WARNING] jala_app.views - Form errors: <ul class="errorlist"><li>mobile_number<ul class="errorlist" id="id_mobile_number_error"><li>Enter a valid 10-digit Indian mobile number</li></ul></li></ul>
2025-07-03 18:34:18,872 [DEBUG] jala_app.views - Entered employee_create view
2025-07-03 18:34:18,872 [DEBUG] jala_app.views - Request method is POST
2025-07-03 18:34:18,872 [DEBUG] jala_app.views - EmployeeForm is valid
2025-07-03 18:34:18,875 [INFO] jala_app.views - Employee created: testing 1 final
2025-07-03 18:34:18,916 [INFO] jala_app.views - Search returned 2 employees.
2025-07-03 18:34:32,317 [INFO] jala_app.views - Search returned 2 employees.
2025-07-03 18:34:44,558 [DEBUG] jala_app.views - Filtered employees by mobile: 6379573737
2025-07-03 18:34:44,560 [INFO] jala_app.views - Search returned 2 employees.
2025-07-03 18:34:50,579 [INFO] jala_app.views - Search returned 2 employees.
2025-07-03 18:34:54,379 [DEBUG] jala_app.views - Filtered employees by mobile: 6379573737
2025-07-03 18:34:54,379 [INFO] jala_app.views - Search returned 1 employees.
2025-07-03 18:46:06,007 [INFO] jala_app.views - Search returned 2 employees.
2025-07-03 18:46:10,989 [INFO] jala_app.views - Search returned 2 employees.
2025-07-03 18:49:26,563 [WARNING] django.request - Not Found: /favicon.ico
2025-07-03 18:49:26,567 [WARNING] django.server - "GET /favicon.ico HTTP/1.1" 404 7652
2025-07-03 18:50:06,797 [DEBUG] jala_app.views - Home page accessed.
2025-07-03 18:50:07,237 [DEBUG] jala_app.views - Home page accessed.
2025-07-03 18:50:16,402 [DEBUG] jala_app.views - Entered employee_create view
2025-07-03 18:50:16,402 [DEBUG] jala_app.views - Request method is GET
2025-07-03 18:50:17,469 [DEBUG] jala_app.views - Entered employee_create view
2025-07-03 18:50:17,469 [DEBUG] jala_app.views - Request method is GET
2025-07-03 18:51:18,386 [DEBUG] jala_app.views - Entered employee_create view
2025-07-03 18:51:18,386 [DEBUG] jala_app.views - Request method is POST
2025-07-03 18:51:18,493 [DEBUG] jala_app.views - EmployeeForm is valid
2025-07-03 18:51:18,509 [INFO] jala_app.views - Employee created: bharath a
2025-07-03 18:51:18,533 [INFO] jala_app.views - Search returned 3 employees.
2025-07-03 18:51:18,614 [INFO] jala_app.views - Search returned 3 employees.
2025-07-03 18:51:26,975 [DEBUG] jala_app.views - Filtered employees by name: bharath
2025-07-03 18:51:26,977 [INFO] jala_app.views - Search returned 1 employees.
2025-07-03 18:51:27,015 [DEBUG] jala_app.views - Filtered employees by name: bharath
2025-07-03 18:51:27,015 [INFO] jala_app.views - Search returned 1 employees.
2025-07-03 18:51:36,680 [INFO] jala_app.views - Search returned 3 employees.
2025-07-03 18:51:36,734 [INFO] jala_app.views - Search returned 3 employees.
2025-07-03 18:51:46,423 [INFO] jala_app.views - Search returned 3 employees.
2025-07-03 18:51:46,466 [INFO] jala_app.views - Search returned 3 employees.
2025-07-03 18:51:50,474 [INFO] jala_app.views - Search returned 3 employees.
2025-07-03 18:51:50,537 [INFO] jala_app.views - Search returned 3 employees.
2025-07-03 18:51:55,413 [INFO] jala_app.views - Search returned 2 employees.
2025-07-03 18:51:55,468 [INFO] jala_app.views - Search returned 2 employees.
2025-07-03 18:51:58,831 [DEBUG] jala_app.views - Entered employee_create view
2025-07-03 18:51:58,831 [DEBUG] jala_app.views - Request method is GET
2025-07-03 18:51:58,900 [DEBUG] jala_app.views - Entered employee_create view
2025-07-03 18:51:58,900 [DEBUG] jala_app.views - Request method is GET
2025-07-03 18:52:00,613 [INFO] jala_app.views - Search returned 2 employees.
2025-07-03 18:52:00,665 [INFO] jala_app.views - Search returned 2 employees.
2025-07-03 18:52:04,614 [DEBUG] jala_app.views - Home page accessed.
2025-07-03 18:52:04,666 [DEBUG] jala_app.views - Home page accessed.
